2026-03-30 21:32:32,067 - INFO - ======================================================================
2026-03-30 21:32:32,068 - INFO - KEYSTROKE CAPTURE RESULTS
2026-03-30 21:32:32,069 - INFO - ======================================================================
2026-03-30 21:32:32,076 - INFO - Total Keystrokes: 46
2026-03-30 21:32:32,078 - INFO - Unique Keys: 5
2026-03-30 21:32:32,079 - INFO - 
Top 10 Most Pressed Keys:
2026-03-30 21:32:32,113 - INFO -   'Mouse Click'          42
2026-03-30 21:32:32,117 - INFO -   [CMD]                   1
2026-03-30 21:32:32,117 - INFO -   's'                     1
2026-03-30 21:32:32,117 - INFO -   'n'                     1
2026-03-30 21:32:32,117 - INFO -   [ENTER]                 1
2026-03-30 21:32:32,117 - INFO - ======================================================================
2026-03-30 21:32:32,117 - INFO - ALL CAPTURED KEYSTROKES (5 unique keys):
2026-03-30 21:32:32,117 - INFO - ======================================================================
2026-03-30 21:32:32,117 - INFO -   Mouse Click: 42
2026-03-30 21:32:32,117 - INFO -   Key.cmd: 1
2026-03-30 21:32:32,117 - INFO -   s: 1
2026-03-30 21:32:32,129 - INFO -   n: 1
2026-03-30 21:32:32,129 - INFO -   Key.enter: 1
